[17Mar2025 00:01:34.154] [Server thread/INFO] [net.minecraft.server.MinecraftServer/]: [Guts_BRSK: Teleported Guts_BRSK to -270.500000, 92.500000, 86.500000]
[17Mar2025 00:01:47.645] [VoiceChatPacketProcessingThread/INFO] [voicechat/]: [voicechat] Player 223b0b40-1226-390e-8044-6b99f867dca5 timed out
[17Mar2025 00:01:47.646] [VoiceChatPacketProcessingThread/INFO] [voicechat/]: [voicechat] Reconnecting player Guts_BRSK
[17Mar2025 00:01:47.646] [VoiceChatPacketProcessingThread/INFO] [voicechat/]: [voicechat] Sent secret to Guts_BRSK
[17Mar2025 00:02:01.691] [Server thread/INFO] [net.minecraft.server.network.ServerGamePacketListenerImpl/]: Guts_BRSK lost connection: Disconnected
[17Mar2025 00:02:01.691] [Server thread/INFO] [net.minecraft.server.MinecraftServer/]: Guts_BRSK left the game
[17Mar2025 00:02:01.692] [Server thread/INFO] [voicechat/]: [voicechat] Disconnecting client Guts_BRSK
[17Mar2025 00:03:03.297] [Server thread/INFO] [net.minecraft.server.MinecraftServer/]: [Deiarcoiris: Set own game mode to Creative Mode]
[17Mar2025 00:03:03.750] [Server thread/INFO] [net.minecraft.server.players.PlayerList/]: Guts_BRSK[/127.135.147.231:54227] logged in with entity id 58454 at (-270.5, 92.5, 86.5)
[17Mar2025 00:03:03.760] [Server thread/INFO] [net.minecraft.server.MinecraftServer/]: Guts_BRSK joined the game
[17Mar2025 00:03:04.273] [Server thread/INFO] [voicechat/]: [voicechat] Received secret request of Guts_BRSK (18)
[17Mar2025 00:03:04.274] [Server thread/INFO] [voicechat/]: [voicechat] Sent secret to Guts_BRSK
[17Mar2025 00:03:08.667] [Server thread/INFO] [net.minecraft.server.MinecraftServer/]: [Deiarcoiris: Set own game mode to Survival Mode]
[17Mar2025 00:03:33.838] [Server thread/INFO] [net.minecraft.server.network.ServerGamePacketListenerImpl/]: Guts_BRSK lost connection: Timed out
[17Mar2025 00:03:33.839] [Server thread/INFO] [net.minecraft.server.MinecraftServer/]: Guts_BRSK left the game
[17Mar2025 00:03:33.839] [Server thread/INFO] [voicechat/]: [voicechat] Disconnecting client Guts_BRSK
[17Mar2025 00:04:06.217] [Server thread/INFO] [net.minecraft.server.MinecraftServer/]: Deiarcoiris has made the advancement [The Song of the Dragons]
[17Mar2025 00:04:11.405] [Server thread/INFO] [net.minecraft.server.MinecraftServer/]: Deiarcoiris has made the advancement [An Ear-Shattering Roar]
[17Mar2025 00:04:38.299] [Server thread/INFO] [net.minecraft.server.players.PlayerList/]: Guts_BRSK[/127.135.147.231:37941] logged in with entity id 58533 at (-270.5, 92.5, 86.5)
[17Mar2025 00:04:38.308] [Server thread/INFO] [net.minecraft.server.MinecraftServer/]: Guts_BRSK joined the game
[17Mar2025 00:04:38.646] [Server thread/INFO] [voicechat/]: [voicechat] Received secret request of Guts_BRSK (18)
[17Mar2025 00:04:38.647] [Server thread/INFO] [voicechat/]: [voicechat] Sent secret to Guts_BRSK
[17Mar2025 00:04:45.841] [VoiceChatPacketProcessingThread/INFO] [voicechat/]: [voicechat] Successfully authenticated player 223b0b40-1226-390e-8044-6b99f867dca5
[17Mar2025 00:04:46.843] [VoiceChatPacketProcessingThread/INFO] [voicechat/]: [voicechat] Successfully validated connection of player 223b0b40-1226-390e-8044-6b99f867dca5
[17Mar2025 00:04:46.843] [VoiceChatPacketProcessingThread/INFO] [voicechat/]: [voicechat] Player Guts_BRSK (223b0b40-1226-390e-8044-6b99f867dca5) successfully connected to voice chat
[17Mar2025 00:04:56.120] [Server thread/INFO] [net.minecraft.server.MinecraftServer/]: Deiarcoiris has made the advancement [Dragon Commander]
[17Mar2025 00:05:15.889] [Server thread/INFO] [net.minecraft.server.MinecraftServer/]: Guts_BRSK has made the advancement [The Song of the Dragons]
[17Mar2025 00:05:17.003] [Server thread/INFO] [net.minecraft.server.MinecraftServer/]: Guts_BRSK has made the advancement [Dragon Commander]
[17Mar2025 00:05:18.189] [Server thread/INFO] [net.minecraft.server.MinecraftServer/]: Guts_BRSK has made the advancement [An Ear-Shattering Roar]
[17Mar2025 00:05:24.309] [Server thread/INFO] [net.minecraft.server.MinecraftServer/]: [Not Secure] <Guts_BRSK> Y ESO ?
[17Mar2025 00:05:36.160] [Server thread/INFO] [net.minecraft.server.MinecraftServer/]: [Not Secure] <Guts_BRSK> GRACIAS XD
[17Mar2025 00:05:36.747] [Server thread/INFO] [net.minecraft.server.MinecraftServer/]: [Not Secure] <Deiarcoiris> para cuando tengas un dragon
[17Mar2025 00:06:05.817] [Server thread/INFO] [net.minecraft.server.MinecraftServer/]: [Not Secure] <Guts_BRSK> MIRA LO QUE EH CONSEGUIDO EN TODO ESTE TIEMPO
[17Mar2025 00:06:22.562] [Server thread/INFO] [net.minecraft.server.MinecraftServer/]: [Not Secure] <Deiarcoiris> esta bien
[17Mar2025 00:06:44.041] [Server thread/INFO] [net.minecraft.server.MinecraftServer/]: [Not Secure] <Deiarcoiris> que pasa
[17Mar2025 00:06:55.907] [Server thread/INFO] [net.minecraft.server.MinecraftServer/]: [Not Secure] <Guts_BRSK> XD
[17Mar2025 00:08:28.138] [Server thread/INFO] [net.minecraft.server.MinecraftServer/]: [Guts_BRSK: Set own game mode to Creative Mode]
[17Mar2025 00:08:31.045] [Server thread/INFO] [net.minecraft.server.MinecraftServer/]: [Guts_BRSK: Set own game mode to Survival Mode]
[17Mar2025 00:08:42.980] [Server thread/INFO] [net.minecraft.server.MinecraftServer/]: [Not Secure] <Guts_BRSK> EL PLAN
[17Mar2025 00:08:47.418] [Server thread/INFO] [net.minecraft.server.MinecraftServer/]: [Not Secure] <Guts_BRSK> ERA DESAPARESER
[17Mar2025 00:09:06.792] [Server thread/INFO] [net.minecraft.server.MinecraftServer/]: [Guts_BRSK: Teleported Guts_BRSK to -270.500000, 92.500000, 86.500000]
[17Mar2025 00:09:15.564] [Server thread/INFO] [net.minecraft.server.MinecraftServer/]: [Guts_BRSK: Teleported Guts_BRSK to -270.500000, 92.500000, 86.500000]
[17Mar2025 00:09:49.141] [VoiceChatPacketProcessingThread/INFO] [voicechat/]: [voicechat] Player 223b0b40-1226-390e-8044-6b99f867dca5 timed out
[17Mar2025 00:09:49.142] [VoiceChatPacketProcessingThread/INFO] [voicechat/]: [voicechat] Reconnecting player Guts_BRSK
[17Mar2025 00:09:49.142] [VoiceChatPacketProcessingThread/INFO] [voicechat/]: [voicechat] Sent secret to Guts_BRSK
[17Mar2025 00:09:53.839] [Server thread/INFO] [net.minecraft.server.network.ServerGamePacketListenerImpl/]: Guts_BRSK lost connection: Timed out
[17Mar2025 00:09:53.839] [Server thread/INFO] [net.minecraft.server.MinecraftServer/]: Guts_BRSK left the game
[17Mar2025 00:09:53.839] [Server thread/INFO] [voicechat/]: [voicechat] Disconnecting client Guts_BRSK
[17Mar2025 00:10:39.638] [Server thread/INFO] [net.minecraft.server.MinecraftServer/]: [Deiarcoiris: Set own game mode to Creative Mode]
[17Mar2025 00:11:10.558] [Server thread/INFO] [net.minecraft.server.MinecraftServer/]: [Deiarcoiris: Set own game mode to Survival Mode]
[17Mar2025 00:11:18.751] [Server thread/INFO] [net.minecraft.server.players.PlayerList/]: Guts_BRSK[/127.135.147.231:58645] logged in with entity id 59460 at (-271.1076109083435, 93.0, 71.34309528357913)
[17Mar2025 00:11:18.769] [Server thread/INFO] [net.minecraft.server.MinecraftServer/]: Guts_BRSK joined the game
[17Mar2025 00:11:19.049] [Server thread/INFO] [voicechat/]: [voicechat] Received secret request of Guts_BRSK (18)
[17Mar2025 00:11:19.051] [Server thread/INFO] [voicechat/]: [voicechat] Sent secret to Guts_BRSK
[17Mar2025 00:11:20.351] [Server thread/INFO] [net.minecraft.server.MinecraftServer/]: [Deiarcoiris: Teleported Deiarcoiris to 716.500000, 69.500000, -1.500000]
[17Mar2025 00:11:26.063] [VoiceChatPacketProcessingThread/INFO] [voicechat/]: [voicechat] Successfully authenticated player 223b0b40-1226-390e-8044-6b99f867dca5
[17Mar2025 00:11:27.060] [VoiceChatPacketProcessingThread/INFO] [voicechat/]: [voicechat] Successfully validated connection of player 223b0b40-1226-390e-8044-6b99f867dca5
[17Mar2025 00:11:27.060] [VoiceChatPacketProcessingThread/INFO] [voicechat/]: [voicechat] Player Guts_BRSK (223b0b40-1226-390e-8044-6b99f867dca5) successfully connected to voice chat
[17Mar2025 00:11:27.167] [Server thread/INFO] [net.minecraft.server.MinecraftServer/]: [Deiarcoiris: Teleported Deiarcoiris to -294.500000, 101.500000, 84.500000]
[17Mar2025 00:11:38.624] [Server thread/INFO] [net.minecraft.server.MinecraftServer/]: [Guts_BRSK: Teleported Guts_BRSK to -85.500000, 25.500000, 127.500000]
[17Mar2025 00:11:50.294] [Server thread/INFO] [net.minecraft.server.MinecraftServer/]: [Not Secure] <Deiarcoiris> vengo ahora voy a fregar
[17Mar2025 00:11:56.943] [Server thread/INFO] [net.minecraft.server.network.ServerGamePacketListenerImpl/]: Deiarcoiris lost connection: Disconnected
[17Mar2025 00:11:56.943] [Server thread/INFO] [net.minecraft.server.MinecraftServer/]: Deiarcoiris left the game
[17Mar2025 00:11:56.944] [Server thread/INFO] [voicechat/]: [voicechat] Disconnecting client Deiarcoiris
[17Mar2025 00:12:12.193] [Server thread/INFO] [net.minecraft.server.MinecraftServer/]: [Guts_BRSK: Teleported Guts_BRSK to -349.500000, 99.500000, -399.500000]
[17Mar2025 00:12:21.396] [Server thread/INFO] [net.minecraft.server.MinecraftServer/]: [Guts_BRSK: Teleported Guts_BRSK to -423.500000, 117.500000, -305.500000]
[17Mar2025 00:12:29.358] [Server thread/INFO] [net.minecraft.server.MinecraftServer/]: [Guts_BRSK: Teleported Guts_BRSK to -369.500000, 108.500000, -291.500000]
[17Mar2025 00:13:12.454] [Server thread/INFO] [net.minecraft.server.MinecraftServer/]: Guts_BRSK fell from a high place
[17Mar2025 00:13:12.457] [Server thread/INFO] [com.tiviacz.travelersbackpack.TravelersBackpack/]: Created new backpack backup file for Guts_BRSK with unique ID travelersbackpack.standard_17.03.2025-00.13.12.dat
[17Mar2025 00:13:12.457] [Server thread/INFO] [com.tiviacz.travelersbackpack.TravelersBackpack/]: There's no space for backpack. Dropping backpack item at X: -351 Y: 63.0 Z: -284
[17Mar2025 00:13:18.381] [Server thread/INFO] [net.minecraft.server.MinecraftServer/]: [Guts_BRSK: Teleported Guts_BRSK to -350.500000, 63.500000, -283.500000]
[17Mar2025 00:14:07.896] [Server thread/INFO] [net.minecraft.server.MinecraftServer/]: [Guts_BRSK: Teleported Guts_BRSK to -358.500000, 102.500000, -269.500000]
[17Mar2025 00:16:26.689] [Server thread/INFO] [net.minecraft.server.commands.LocateCommand/]: Locating element minecraft:desert took 1480 ms
[17Mar2025 00:16:36.518] [Server thread/INFO] [net.minecraft.server.MinecraftServer/]: [Guts_BRSK: Teleported Guts_BRSK to -2162.500000, 97.000000, 1664.500000]
[17Mar2025 00:16:36.519] [Server thread/WARN] [net.minecraft.server.MinecraftServer/]: Can't keep up! Is the server overloaded? Running 4438ms or 88 ticks behind
[17Mar2025 00:16:43.293] [Server thread/INFO] [net.minecraft.server.MinecraftServer/]: Guts_BRSK fell from a high place
[17Mar2025 00:16:50.454] [Server thread/INFO] [net.minecraft.server.MinecraftServer/]: [Guts_BRSK: Teleported Guts_BRSK to -2163.500000, 65.500000, 1661.500000]
[17Mar2025 00:17:07.104] [Server thread/INFO] [net.minecraft.server.MinecraftServer/]: [Guts_BRSK: Teleported Guts_BRSK to -2227.500000, 72.500000, 1629.500000]
[17Mar2025 00:17:28.763] [Server thread/INFO] [net.minecraft.server.MinecraftServer/]: [Guts_BRSK: Teleported Guts_BRSK to -2203.500000, 76.500000, 1583.500000]
[17Mar2025 00:24:16.804] [VoiceChatPacketProcessingThread/INFO] [voicechat/]: [voicechat] Player 223b0b40-1226-390e-8044-6b99f867dca5 timed out
[17Mar2025 00:24:16.804] [VoiceChatPacketProcessingThread/INFO] [voicechat/]: [voicechat] Reconnecting player Guts_BRSK
[17Mar2025 00:24:16.805] [VoiceChatPacketProcessingThread/INFO] [voicechat/]: [voicechat] Sent secret to Guts_BRSK
[17Mar2025 00:24:22.539] [Server thread/INFO] [net.minecraft.server.network.ServerGamePacketListenerImpl/]: Guts_BRSK lost connection: Timed out
[17Mar2025 00:24:22.539] [Server thread/INFO] [net.minecraft.server.MinecraftServer/]: Guts_BRSK left the game
[17Mar2025 00:24:22.540] [Server thread/INFO] [voicechat/]: [voicechat] Disconnecting client Guts_BRSK
[17Mar2025 00:25:29.844] [Server thread/INFO] [net.minecraft.server.players.PlayerList/]: Deiarcoiris[/127.147.66.255:44393] logged in with entity id 65604 at (-294.5, 101.0, 84.5)
[17Mar2025 00:25:29.852] [Server thread/INFO] [net.minecraft.server.MinecraftServer/]: Deiarcoiris joined the game
[17Mar2025 00:25:30.237] [Server thread/INFO] [voicechat/]: [voicechat] Received secret request of Deiarcoiris (18)
[17Mar2025 00:25:30.238] [Server thread/INFO] [voicechat/]: [voicechat] Sent secret to Deiarcoiris
[17Mar2025 00:25:33.698] [VoiceChatPacketProcessingThread/INFO] [voicechat/]: [voicechat] Successfully authenticated player 48d7b04e-56d7-3aea-af42-2d7b6577daaf
[17Mar2025 00:25:34.700] [VoiceChatPacketProcessingThread/INFO] [voicechat/]: [voicechat] Successfully validated connection of player 48d7b04e-56d7-3aea-af42-2d7b6577daaf
[17Mar2025 00:25:34.700] [VoiceChatPacketProcessingThread/INFO] [voicechat/]: [voicechat] Player Deiarcoiris (48d7b04e-56d7-3aea-af42-2d7b6577daaf) successfully connected to voice chat
[17Mar2025 00:25:34.745] [Server thread/INFO] [net.minecraft.server.players.PlayerList/]: Guts_BRSK[/127.135.147.231:33917] logged in with entity id 65726 at (-2286.598261512526, 72.0, 1558.665583822476)
[17Mar2025 00:25:34.764] [Server thread/INFO] [net.minecraft.server.MinecraftServer/]: Guts_BRSK joined the game
[17Mar2025 00:25:35.895] [Server thread/INFO] [voicechat/]: [voicechat] Received secret request of Guts_BRSK (18)
[17Mar2025 00:25:35.896] [Server thread/INFO] [voicechat/]: [voicechat] Sent secret to Guts_BRSK
[17Mar2025 00:25:36.306] [VoiceChatPacketProcessingThread/INFO] [voicechat/]: [voicechat] Successfully authenticated player 223b0b40-1226-390e-8044-6b99f867dca5
[17Mar2025 00:25:37.307] [VoiceChatPacketProcessingThread/INFO] [voicechat/]: [voicechat] Successfully validated connection of player 223b0b40-1226-390e-8044-6b99f867dca5
[17Mar2025 00:25:37.307] [VoiceChatPacketProcessingThread/INFO] [voicechat/]: [voicechat] Player Guts_BRSK (223b0b40-1226-390e-8044-6b99f867dca5) successfully connected to voice chat
[17Mar2025 00:26:10.566] [Server thread/INFO] [net.minecraft.server.MinecraftServer/]: [Not Secure] <Deiarcoiris> podemos ir a derrotar a medusa
[17Mar2025 00:26:25.418] [Server thread/INFO] [net.minecraft.server.MinecraftServer/]: [Not Secure] <Deiarcoiris> duerme
[17Mar2025 00:26:56.782] [Server thread/INFO] [net.minecraft.server.MinecraftServer/]: [Deiarcoiris: Teleported Deiarcoiris to -189.500000, 65.500000, -927.500000]
[17Mar2025 00:27:05.376] [Server thread/INFO] [net.minecraft.server.MinecraftServer/]: [Deiarcoiris: Set own game mode to Spectator Mode]
[17Mar2025 00:27:29.953] [Server thread/INFO] [net.minecraft.server.MinecraftServer/]: [Deiarcoiris: Set own game mode to Survival Mode]
[17Mar2025 00:28:06.051] [Server thread/INFO] [net.minecraft.server.MinecraftServer/]: [Deiarcoiris: Teleported Deiarcoiris to 1636.500000, 11.500000, 2524.500000]
[17Mar2025 00:29:10.015] [Server thread/INFO] [net.minecraft.server.MinecraftServer/]: [Deiarcoiris: Teleported Deiarcoiris to -294.500000, 101.500000, 84.500000]
[17Mar2025 00:29:25.393] [Server thread/INFO] [net.minecraft.server.MinecraftServer/]: [Guts_BRSK: Teleported Guts_BRSK to Deiarcoiris]
[17Mar2025 00:29:28.460] [Server thread/INFO] [net.minecraft.server.MinecraftServer/]: [Deiarcoiris: Teleported Deiarcoiris to 1636.500000, 11.500000, 2524.500000]
[17Mar2025 00:29:42.252] [Server thread/INFO] [net.minecraft.server.MinecraftServer/]: [Guts_BRSK: Teleported Guts_BRSK to Deiarcoiris]
[17Mar2025 00:30:03.047] [Server thread/INFO] [net.minecraft.server.MinecraftServer/]: [Guts_BRSK: Teleported Guts_BRSK to Deiarcoiris]
[17Mar2025 00:30:55.442] [Server thread/INFO] [net.minecraft.server.MinecraftServer/]: [Not Secure] <Guts_BRSK> SI XD
[17Mar2025 00:31:00.293] [Server thread/INFO] [net.minecraft.server.MinecraftServer/]: [Not Secure] <Guts_BRSK> SI
[17Mar2025 00:31:11.639] [Server thread/INFO] [net.minecraft.server.MinecraftServer/]: [Not Secure] <Guts_BRSK> NO HABIA XD
[17Mar2025 00:31:23.474] [Server thread/INFO] [net.minecraft.server.MinecraftServer/]: [Not Secure] <Guts_BRSK> HABIA 4 ESPADAS EN LOS COFRES
[17Mar2025 00:31:53.397] [Server thread/INFO] [net.minecraft.server.MinecraftServer/]: [Not Secure] <Guts_BRSK> :o?? COMO
[17Mar2025 00:32:11.445] [Server thread/INFO] [net.minecraft.server.MinecraftServer/]: [Not Secure] <Guts_BRSK> :,3 QUIERO
[17Mar2025 00:32:17.597] [Server thread/INFO] [net.minecraft.server.MinecraftServer/]: [Guts_BRSK: Teleported Guts_BRSK to -270.500000, 92.500000, 86.500000]
[17Mar2025 00:32:23.663] [Server thread/INFO] [net.minecraft.server.MinecraftServer/]: [Deiarcoiris: Teleported Deiarcoiris to 716.500000, 69.500000, -1.500000]
[17Mar2025 00:32:34.408] [Server thread/INFO] [net.minecraft.server.MinecraftServer/]: [Guts_BRSK: Teleported Guts_BRSK to 160.500000, 75.500000, -799.500000]
[17Mar2025 00:32:44.785] [Server thread/INFO] [net.minecraft.server.MinecraftServer/]: [Guts_BRSK: Teleported Deiarcoiris to Guts_BRSK]
[17Mar2025 00:33:37.512] [Server thread/INFO] [net.minecraft.server.MinecraftServer/]: [Deiarcoiris: The difficulty has been set to Easy]
[17Mar2025 00:33:49.419] [Server thread/INFO] [net.minecraft.server.MinecraftServer/]: [Deiarcoiris: Set own game mode to Spectator Mode]
[17Mar2025 00:33:51.105] [Server thread/INFO] [net.minecraft.server.MinecraftServer/]: [Not Secure] <Guts_BRSK> F
[17Mar2025 00:33:52.471] [Server thread/INFO] [net.minecraft.server.MinecraftServer/]: [Deiarcoiris: Set own game mode to Creative Mode]
[17Mar2025 00:34:29.120] [Server thread/INFO] [net.minecraft.server.MinecraftServer/]: [Deiarcoiris: Set own game mode to Spectator Mode]
[17Mar2025 00:34:29.293] [Server thread/INFO] [net.minecraft.server.MinecraftServer/]: Guts_BRSK was slain by Gorgon
[17Mar2025 00:34:29.297] [Server thread/INFO] [com.tiviacz.travelersbackpack.TravelersBackpack/]: Created new backpack backup file for Guts_BRSK with unique ID travelersbackpack.standard_17.03.2025-00.34.29.dat
[17Mar2025 00:34:29.298] [Server thread/INFO] [com.tiviacz.travelersbackpack.TravelersBackpack/]: There's no space for backpack. Dropping backpack item at X: 156 Y: 55.0 Z: -813
[17Mar2025 00:34:33.865] [Server thread/INFO] [net.minecraft.server.MinecraftServer/]: [Guts_BRSK: Teleported Guts_BRSK to 156.500000, 55.500000, -812.500000]
[17Mar2025 00:34:35.476] [Server thread/INFO] [net.minecraft.server.MinecraftServer/]: [Deiarcoiris: Set own game mode to Survival Mode]
[17Mar2025 00:35:04.244] [Server thread/INFO] [net.minecraft.server.MinecraftServer/]: Deiarcoiris has made the advancement [Clash of the Titans]
[17Mar2025 00:35:19.149] [Server thread/INFO] [net.minecraft.server.MinecraftServer/]: [Deiarcoiris: Set own game mode to Spectator Mode]
[17Mar2025 00:35:21.313] [Server thread/INFO] [net.minecraft.server.MinecraftServer/]: [Deiarcoiris: Set own game mode to Creative Mode]
[17Mar2025 00:35:29.746] [Server thread/INFO] [net.minecraft.server.MinecraftServer/]: [Deiarcoiris: Set own game mode to Spectator Mode]
[17Mar2025 00:35:31.215] [Server thread/INFO] [net.minecraft.server.MinecraftServer/]: [Deiarcoiris: Set own game mode to Creative Mode]
[17Mar2025 00:35:32.945] [Server thread/INFO] [net.minecraft.server.MinecraftServer/]: [Deiarcoiris: Set own game mode to Survival Mode]
[17Mar2025 00:35:34.096] [Server thread/INFO] [net.minecraft.server.MinecraftServer/]: [Not Secure] <Guts_BRSK> OTRA
[17Mar2025 00:35:35.744] [Server thread/INFO] [net.minecraft.server.MinecraftServer/]: Guts_BRSK was turned into gorgonzola by Gorgon
[17Mar2025 00:35:44.115] [Server thread/INFO] [net.minecraft.server.MinecraftServer/]: [Guts_BRSK: Teleported Guts_BRSK to 169.500000, 56.500000, -804.500000]
[17Mar2025 00:35:58.843] [Server thread/INFO] [net.minecraft.server.MinecraftServer/]: Deiarcoiris was slain by Gorgon
[17Mar2025 00:36:04.009] [Server thread/INFO] [net.minecraft.server.MinecraftServer/]: [Deiarcoiris: Teleported Deiarcoiris to 159.500000, 55.500000, -798.500000]
[17Mar2025 00:36:17.569] [Server thread/INFO] [net.minecraft.server.MinecraftServer/]: Guts_BRSK was slain by Deiarcoiris
[17Mar2025 00:36:22.916] [Server thread/INFO] [net.minecraft.server.MinecraftServer/]: [Guts_BRSK: Teleported Guts_BRSK to 176.500000, 55.500000, -807.500000]
[17Mar2025 00:36:29.193] [Server thread/INFO] [net.minecraft.server.MinecraftServer/]: Deiarcoiris was slain by Ghost
[17Mar2025 00:36:34.000] [Server thread/INFO] [net.minecraft.server.MinecraftServer/]: [Deiarcoiris: Teleported Deiarcoiris to 173.500000, 55.500000, -805.500000]
[17Mar2025 00:36:38.850] [Server thread/INFO] [net.minecraft.server.MinecraftServer/]: Guts_BRSK has made the advancement [Clash of the Titans]
[17Mar2025 00:37:03.920] [Server thread/INFO] [net.minecraft.server.MinecraftServer/]: [Deiarcoiris: Teleported Deiarcoiris to -294.500000, 101.500000, 84.500000]
[17Mar2025 00:37:34.727] [Server thread/INFO] [net.minecraft.server.MinecraftServer/]: [Guts_BRSK: Teleported Guts_BRSK to 863.500000, -14.500000, 540.500000]
[17Mar2025 00:38:52.002] [Server thread/INFO] [net.minecraft.server.MinecraftServer/]: [Not Secure] <Deiarcoiris> duerme
[17Mar2025 00:39:17.520] [Server thread/INFO] [net.minecraft.server.MinecraftServer/]: [Deiarcoiris: Teleported Deiarcoiris to 716.500000, 69.500000, -1.500000]
[17Mar2025 00:39:55.201] [Server thread/INFO] [net.minecraft.server.MinecraftServer/]: [Not Secure] <Deiarcoiris> estoy en el portar al nether
[17Mar2025 00:40:32.278] [Server thread/INFO] [net.minecraft.server.MinecraftServer/]: [Deiarcoiris: Set own game mode to Creative Mode]
[17Mar2025 00:40:55.170] [Server thread/INFO] [net.minecraft.server.MinecraftServer/]: [Deiarcoiris: Set own game mode to Survival Mode]
[17Mar2025 00:40:58.401] [Server thread/INFO] [net.minecraft.server.MinecraftServer/]: [Guts_BRSK: Teleported Guts_BRSK to Deiarcoiris]
[17Mar2025 00:41:21.353] [Server thread/INFO] [net.minecraft.server.MinecraftServer/]: [Not Secure] <Guts_BRSK> RE BIEN
[17Mar2025 00:41:32.566] [Server thread/INFO] [net.minecraft.server.MinecraftServer/]: [Guts_BRSK: Set own game mode to Creative Mode]
[17Mar2025 00:41:41.219] [Server thread/INFO] [net.minecraft.server.MinecraftServer/]: [Not Secure] <Guts_BRSK> XD
[17Mar2025 00:41:53.453] [Server thread/INFO] [net.minecraft.server.MinecraftServer/]: [Guts_BRSK: Set own game mode to Survival Mode]
[17Mar2025 00:42:40.074] [Server thread/INFO] [net.minecraft.server.commands.LocateCommand/]: Locating element minecraft:nether_fossil took 52 ms
[17Mar2025 00:43:37.348] [Server thread/INFO] [net.minecraft.server.MinecraftServer/]: [Not Secure] <Deiarcoiris> 160 288
[17Mar2025 00:43:49.275] [Server thread/INFO] [net.minecraft.server.MinecraftServer/]: [Deiarcoiris: Set own game mode to Creative Mode]
[17Mar2025 00:43:53.309] [Server thread/INFO] [net.minecraft.server.MinecraftServer/]: [Deiarcoiris: Teleported Deiarcoiris to 160.500000, 63.000000, 288.500000]
[17Mar2025 00:44:09.275] [Server thread/INFO] [net.minecraft.server.MinecraftServer/]: [Deiarcoiris: Set own game mode to Survival Mode]
[17Mar2025 00:44:10.338] [Server thread/INFO] [net.minecraft.server.MinecraftServer/]: [Deiarcoiris: Set own game mode to Creative Mode]
[17Mar2025 00:44:17.168] [Server thread/INFO] [net.minecraft.server.MinecraftServer/]: [Guts_BRSK: Set own game mode to Spectator Mode]
[17Mar2025 00:44:19.925] [Server thread/INFO] [net.minecraft.server.MinecraftServer/]: [Deiarcoiris: Set own game mode to Spectator Mode]
[17Mar2025 00:44:26.819] [Server thread/INFO] [net.minecraft.server.MinecraftServer/]: [Guts_BRSK: Teleported Guts_BRSK to Deiarcoiris]
[17Mar2025 00:44:42.680] [Server thread/INFO] [net.minecraft.server.MinecraftServer/]: [Guts_BRSK: Teleported Guts_BRSK to Deiarcoiris]
[17Mar2025 00:44:47.398] [Server thread/INFO] [net.minecraft.server.MinecraftServer/]: [Guts_BRSK: Teleported Guts_BRSK to Deiarcoiris]
[17Mar2025 00:45:08.240] [Server thread/INFO] [net.minecraft.server.MinecraftServer/]: [Not Secure] <Guts_BRSK> USA EL LOCATE
[17Mar2025 00:45:17.287] [Server thread/INFO] [net.minecraft.server.MinecraftServer/]: [Guts_BRSK: Teleported Guts_BRSK to Deiarcoiris]
[17Mar2025 00:45:22.908] [Server thread/INFO] [net.minecraft.server.MinecraftServer/]: [Not Secure] <Deiarcoiris> lo use y ya biste donde me llevo
[17Mar2025 00:45:30.353] [Server thread/INFO] [net.minecraft.server.commands.LocateCommand/]: Locating element minecraft:nether_fossil took 0 ms
[17Mar2025 00:45:42.121] [Server thread/INFO] [net.minecraft.server.MinecraftServer/]: [Deiarcoiris: Teleported Deiarcoiris to -159.500000, 85.260493, 352.500000]
[17Mar2025 00:45:46.767] [Server thread/INFO] [net.minecraft.server.MinecraftServer/]: [Guts_BRSK: Teleported Guts_BRSK to Deiarcoiris]
[17Mar2025 00:46:41.706] [Server thread/INFO] [net.minecraft.server.MinecraftServer/]: Guts_BRSK has completed the challenge [Hot Tourist Destinations]
[17Mar2025 00:47:09.461] [Server thread/INFO] [net.minecraft.server.MinecraftServer/]: [Not Secure] <Deiarcoiris> lo encontre
[17Mar2025 00:47:11.292] [Server thread/INFO] [net.minecraft.server.MinecraftServer/]: Deiarcoiris has made the advancement [A Terrible Fortress]
[17Mar2025 00:47:14.591] [Server thread/INFO] [net.minecraft.server.MinecraftServer/]: [Guts_BRSK: Teleported Guts_BRSK to Deiarcoiris]
[17Mar2025 00:47:14.686] [Server thread/INFO] [net.minecraft.server.MinecraftServer/]: Guts_BRSK has made the advancement [A Terrible Fortress]
[17Mar2025 00:47:16.873] [Server thread/INFO] [net.minecraft.server.MinecraftServer/]: [Guts_BRSK: Set own game mode to Survival Mode]
[17Mar2025 00:47:17.226] [Server thread/INFO] [net.minecraft.server.MinecraftServer/]: [Deiarcoiris: Set own game mode to Creative Mode]
[17Mar2025 00:47:20.728] [Server thread/INFO] [net.minecraft.server.MinecraftServer/]: [Deiarcoiris: Set own game mode to Survival Mode]
[17Mar2025 00:48:53.447] [Server thread/INFO] [net.minecraft.server.MinecraftServer/]: [Guts_BRSK: Set own game mode to Spectator Mode]
[17Mar2025 00:49:03.222] [Server thread/INFO] [net.minecraft.server.MinecraftServer/]: [Guts_BRSK: Set own game mode to Survival Mode]
[17Mar2025 00:49:24.004] [Server thread/INFO] [net.minecraft.server.MinecraftServer/]: [Deiarcoiris: The difficulty has been set to Normal]
[17Mar2025 00:49:39.517] [VoiceChatPacketProcessingThread/INFO] [voicechat/]: [voicechat] Player 223b0b40-1226-390e-8044-6b99f867dca5 timed out
[17Mar2025 00:49:39.518] [VoiceChatPacketProcessingThread/INFO] [voicechat/]: [voicechat] Reconnecting player Guts_BRSK
[17Mar2025 00:49:39.519] [VoiceChatPacketProcessingThread/INFO] [voicechat/]: [voicechat] Sent secret to Guts_BRSK
[17Mar2025 00:49:53.499] [Server thread/INFO] [net.minecraft.server.network.ServerGamePacketListenerImpl/]: Guts_BRSK lost connection: Disconnected
[17Mar2025 00:49:53.499] [Server thread/INFO] [net.minecraft.server.MinecraftServer/]: Guts_BRSK left the game
[17Mar2025 00:49:53.500] [Server thread/INFO] [voicechat/]: [voicechat] Disconnecting client Guts_BRSK
[17Mar2025 00:50:21.692] [Server thread/INFO] [net.minecraft.server.MinecraftServer/]: Deiarcoiris withered away
[17Mar2025 00:50:43.443] [Server thread/INFO] [net.minecraft.server.MinecraftServer/]: [Deiarcoiris: Teleported Deiarcoiris to 716.500000, 69.500000, -1.500000]
[17Mar2025 00:50:44.684] [Server thread/INFO] [net.minecraft.server.MinecraftServer/]: [Deiarcoiris: Set own game mode to Creative Mode]
[17Mar2025 00:50:47.604] [Server thread/INFO] [net.minecraft.server.MinecraftServer/]: [Deiarcoiris: Set own game mode to Adventure Mode]
[17Mar2025 00:50:49.278] [Server thread/INFO] [net.minecraft.server.MinecraftServer/]: [Deiarcoiris: Set own game mode to Survival Mode]
[17Mar2025 00:50:50.916] [Server thread/INFO] [net.minecraft.server.MinecraftServer/]: [Deiarcoiris: Set own game mode to Creative Mode]
[17Mar2025 00:50:56.170] [Server thread/INFO] [net.minecraft.server.players.PlayerList/]: Guts_BRSK[/127.135.147.231:56169] logged in with entity id 78572 at (118.81352994896262, 79.0, 626.3789684341151)
[17Mar2025 00:50:56.210] [Server thread/INFO] [net.minecraft.server.MinecraftServer/]: Guts_BRSK joined the game
[17Mar2025 00:50:57.651] [Server thread/INFO] [voicechat/]: [voicechat] Received secret request of Guts_BRSK (18)
[17Mar2025 00:50:57.652] [Server thread/INFO] [voicechat/]: [voicechat] Sent secret to Guts_BRSK
[17Mar2025 00:50:57.653] [Server thread/WARN] [net.minecraft.server.network.ServerGamePacketListenerImpl/]: Deiarcoiris moved too quickly! -1.0654228049869516,0.0,10.789562660634779
[17Mar2025 00:50:58.777] [VoiceChatPacketProcessingThread/INFO] [voicechat/]: [voicechat] Successfully authenticated player 223b0b40-1226-390e-8044-6b99f867dca5
[17Mar2025 00:50:59.778] [VoiceChatPacketProcessingThread/INFO] [voicechat/]: [voicechat] Successfully validated connection of player 223b0b40-1226-390e-8044-6b99f867dca5
[17Mar2025 00:50:59.781] [VoiceChatPacketProcessingThread/INFO] [voicechat/]: [voicechat] Player Guts_BRSK (223b0b40-1226-390e-8044-6b99f867dca5) successfully connected to voice chat
[17Mar2025 00:51:10.080] [Server thread/INFO] [net.minecraft.server.MinecraftServer/]: [Deiarcoiris: Teleported Deiarcoiris to 160.500000, 61.500000, 627.500000]
[17Mar2025 00:51:18.361] [Server thread/INFO] [net.minecraft.server.MinecraftServer/]: [Deiarcoiris: Set own game mode to Survival Mode]
[17Mar2025 00:51:21.944] [Server thread/INFO] [net.minecraft.server.MinecraftServer/]: Guts_BRSK has made the advancement [Splintering II]
[17Mar2025 00:51:44.582] [Server thread/INFO] [net.minecraft.server.MinecraftServer/]: [Guts_BRSK: Teleported Guts_BRSK to 95.500000, 71.500000, 18.500000]
[17Mar2025 00:51:57.576] [Server thread/INFO] [net.minecraft.server.MinecraftServer/]: [Guts_BRSK: Teleported Guts_BRSK to 863.500000, -14.500000, 540.500000]
[17Mar2025 00:52:12.767] [Server thread/INFO] [net.minecraft.server.MinecraftServer/]: Guts_BRSK has made the advancement [A Flaming Sword]
[17Mar2025 00:52:26.654] [Server thread/INFO] [net.minecraft.server.MinecraftServer/]: [Deiarcoiris: Set own game mode to Creative Mode]
[17Mar2025 00:52:41.415] [Server thread/INFO] [net.minecraft.server.MinecraftServer/]: [Deiarcoiris: Set own game mode to Survival Mode]
[17Mar2025 00:52:43.366] [Server thread/INFO] [net.minecraft.server.MinecraftServer/]: Guts_BRSK has made the advancement [Enchanter]
[17Mar2025 00:52:57.519] [Server thread/INFO] [net.minecraft.server.MinecraftServer/]: [Not Secure] <Deiarcoiris> donde estas
[17Mar2025 00:53:06.373] [Server thread/INFO] [net.minecraft.server.MinecraftServer/]: [Not Secure] <Guts_BRSK> EN MI CASA
[17Mar2025 00:53:26.154] [Server thread/INFO] [net.minecraft.server.MinecraftServer/]: [Not Secure] <Guts_BRSK> HASTE TP SO QUIERES
[17Mar2025 00:53:26.551] [Server thread/INFO] [net.minecraft.server.MinecraftServer/]: Deiarcoiris withered away whilst fighting Wither Skeleton
[17Mar2025 00:53:38.039] [Server thread/INFO] [net.minecraft.server.MinecraftServer/]: [Deiarcoiris: Teleported Deiarcoiris to 716.500000, 69.500000, -1.500000]
[17Mar2025 00:53:41.167] [Server thread/INFO] [net.minecraft.server.MinecraftServer/]: [Deiarcoiris: Set own game mode to Creative Mode]
[17Mar2025 00:53:53.674] [Server thread/INFO] [net.minecraft.server.MinecraftServer/]: [Deiarcoiris: Set own game mode to Survival Mode]
[17Mar2025 00:53:57.758] [Server thread/INFO] [net.minecraft.server.MinecraftServer/]: [Deiarcoiris: Teleported Deiarcoiris to 132.500000, 61.500000, 669.500000]
[17Mar2025 00:54:04.113] [Server thread/INFO] [net.minecraft.server.MinecraftServer/]: Deiarcoiris was slain by Wither Skeleton
[17Mar2025 00:54:10.065] [Server thread/INFO] [net.minecraft.server.MinecraftServer/]: [Deiarcoiris: Set own game mode to Creative Mode]
[17Mar2025 00:54:14.420] [Server thread/INFO] [net.minecraft.server.MinecraftServer/]: [Deiarcoiris: Teleported Deiarcoiris to 716.500000, 69.500000, -1.500000]
[17Mar2025 00:54:20.740] [Server thread/INFO] [net.minecraft.server.MinecraftServer/]: [Guts_BRSK: Teleported Guts_BRSK to Deiarcoiris]
[17Mar2025 00:54:24.146] [Server thread/INFO] [net.minecraft.server.MinecraftServer/]: [Guts_BRSK: Set own game mode to Spectator Mode]
[17Mar2025 00:54:28.211] [Server thread/INFO] [net.minecraft.server.MinecraftServer/]: [Deiarcoiris: Teleported Deiarcoiris to 126.500000, 61.500000, 668.500000]
[17Mar2025 00:54:31.067] [Server thread/INFO] [net.minecraft.server.MinecraftServer/]: [Guts_BRSK: Teleported Guts_BRSK to Deiarcoiris]
[17Mar2025 00:54:35.846] [Server thread/INFO] [net.minecraft.server.MinecraftServer/]: [Guts_BRSK: Set own game mode to Survival Mode]
[17Mar2025 00:54:43.353] [Server thread/INFO] [net.minecraft.server.MinecraftServer/]: [Deiarcoiris: Set own game mode to Survival Mode]
[17Mar2025 00:54:55.006] [Server thread/INFO] [net.minecraft.server.MinecraftServer/]: [Not Secure] <Deiarcoiris> tengo 2
[17Mar2025 00:54:57.404] [Server thread/INFO] [net.minecraft.server.MinecraftServer/]: [Not Secure] <Guts_BRSK> COMIDAAAAAAAAA
[17Mar2025 00:55:14.611] [Server thread/INFO] [net.minecraft.server.MinecraftServer/]: [Not Secure] <Guts_BRSK> THANK X2
[17Mar2025 00:55:28.392] [Server thread/INFO] [net.minecraft.server.MinecraftServer/]: [Not Secure] <Guts_BRSK> IGUAL LO HABIA CONSEGUIDO XD
[17Mar2025 00:55:36.898] [Server thread/INFO] [net.minecraft.server.MinecraftServer/]: [Not Secure] <Guts_BRSK> SIII
[17Mar2025 00:56:03.011] [Server thread/INFO] [net.minecraft.server.MinecraftServer/]: [Not Secure] <Guts_BRSK> QUIERO ALIENTO DE OTRO DRAGON AHORA XD
[17Mar2025 00:56:37.652] [Server thread/INFO] [net.minecraft.server.MinecraftServer/]: [Not Secure] <Guts_BRSK> :,3
[17Mar2025 00:56:52.446] [Server thread/INFO] [net.minecraft.server.MinecraftServer/]: [Not Secure] <Guts_BRSK> tt
[17Mar2025 00:57:06.394] [Server thread/INFO] [net.minecraft.server.MinecraftServer/]: [Guts_BRSK: Teleported Guts_BRSK to 95.500000, 71.500000, 18.500000]
[17Mar2025 00:57:21.280] [Server thread/INFO] [net.minecraft.server.MinecraftServer/]: [Deiarcoiris: Teleported Deiarcoiris to Guts_BRSK]
[17Mar2025 00:57:24.755] [Server thread/INFO] [net.minecraft.server.MinecraftServer/]: [Guts_BRSK: Teleported Guts_BRSK to 863.500000, -14.500000, 540.500000]
[17Mar2025 00:57:24.755] [Server thread/WARN] [net.minecraft.server.MinecraftServer/]: Can't keep up! Is the server overloaded? Running 3575ms or 71 ticks behind
[17Mar2025 00:57:36.063] [Server thread/INFO] [net.minecraft.server.MinecraftServer/]: [Not Secure] <Guts_BRSK> dulze hogar
[17Mar2025 00:58:07.822] [Server thread/INFO] [net.minecraft.server.MinecraftServer/]: [Guts_BRSK: Teleported Deiarcoiris to Guts_BRSK]
